[0m2021.06.09 20:29:15 INFO  Started: Metals version 0.10.4 in workspace '/home/allen/repos/personal-flink' for client Visual Studio Code 1.54.1.[0m
[0m2021.06.09 20:29:19 INFO  time: initialize in 4.68s[0m
[0m2021.06.09 20:29:19 WARN  Build server is not auto-connectable.[0m
[0m2021.06.09 20:29:19 WARN  no build tool detected in workspace '/home/allen/repos/personal-flink'. The most common cause for this problem is that the editor was opened in the wrong working directory, for example if you use sbt then the workspace directory should contain build.sbt. [0m
[0m2021.06.09 20:29:19 WARN  no build target for: /home/allen/repos/personal-flink/maven/frauddetection/src/main/scala/spendreport/FraudDetectionJob.scala[0m
[0m2021.06.09 20:29:21 INFO  no build target: using presentation compiler with only scala-library: 2.12.14[0m
[0m2021.06.09 20:29:22 INFO  time: code lens generation in 2.58s[0m
[0m2021.06.09 20:29:22 INFO  time: code lens generation in 2.58s[0m
[0m2021.06.09 20:34:45 WARN  no build target for: /home/allen/repos/personal-flink/maven/frauddetection/src/main/scala/spendreport/FraudDetector.scala[0m
[0m2021.06.09 20:36:16 WARN  no build target for: /home/allen/repos/personal-flink/maven/frauddetection/src/main/scala/spendreport/FraudDetector.scala[0m
Jun 09, 2021 8:36:56 PM org.eclipse.lsp4j.jsonrpc.RemoteEndpoint handleCancellation
WARNING: Unmatched cancel notification for request id 65
[0m2021.06.09 20:37:08 WARN  no build target for: /home/allen/repos/personal-flink/maven/frauddetection/src/main/scala/spendreport/FraudDetectionJob.scala[0m
[0m2021.06.09 20:37:11 WARN  no build target for: /home/allen/repos/personal-flink/maven/frauddetection/src/main/scala/spendreport/FraudDetectionJob.scala[0m
Jun 09, 2021 8:37:16 PM org.eclipse.lsp4j.jsonrpc.RemoteEndpoint handleCancellation
WARNING: Unmatched cancel notification for request id 92
[0m2021.06.09 20:37:19 WARN  no build target for: /home/allen/repos/personal-flink/maven/frauddetection/src/main/scala/spendreport/FraudDetector.scala[0m
[0m2021.06.09 20:37:19 WARN  no build target for: /home/allen/repos/personal-flink/maven/frauddetection/src/main/scala/spendreport/FraudDetector.scala[0m
[0m2021.06.09 20:37:19 WARN  no build target for: /home/allen/repos/personal-flink/maven/frauddetection/src/main/scala/spendreport/FraudDetector.scala[0m
Jun 09, 2021 8:37:22 PM org.eclipse.lsp4j.jsonrpc.RemoteEndpoint handleCancellation
WARNING: Unmatched cancel notification for request id 103
[0m2021.06.09 20:37:22 WARN  no build target for: /home/allen/repos/personal-flink/maven/frauddetection/src/main/scala/spendreport/FraudDetectionJob.scala[0m
Jun 09, 2021 8:37:40 PM org.eclipse.lsp4j.jsonrpc.RemoteEndpoint handleCancellation
WARNING: Unmatched cancel notification for request id 120
Jun 09, 2021 8:37:41 PM scala.meta.internal.pc.CompilerAccess retryWithCleanCompiler
INFO: compiler crashed due to an error in the Scala compiler, retrying with new compiler instance.
Jun 09, 2021 8:37:41 PM scala.meta.internal.pc.CompilerAccess handleError
SEVERE: no context found for source-file:///home/allen/repos/personal-flink/maven/frauddetection/src/main/scala/spendreport/FraudDetector.scala,line-14,offset=678
scala.reflect.internal.FatalError: no context found for source-file:///home/allen/repos/personal-flink/maven/frauddetection/src/main/scala/spendreport/FraudDetector.scala,line-14,offset=678
	at scala.tools.nsc.interactive.CompilerControl.$anonfun$doLocateContext$1(CompilerControl.scala:100)
	at scala.tools.nsc.interactive.CompilerControl.doLocateContext(CompilerControl.scala:100)
	at scala.tools.nsc.interactive.CompilerControl.doLocateContext$(CompilerControl.scala:99)
	at scala.tools.nsc.interactive.Global.doLocateContext(Global.scala:113)
	at scala.meta.internal.pc.PcDefinitionProvider.definitionTypedTreeAt(PcDefinitionProvider.scala:102)
	at scala.meta.internal.pc.PcDefinitionProvider.definition(PcDefinitionProvider.scala:24)

Exception in thread "pool-3-thread-1" java.lang.InterruptedException
	at scala.meta.internal.metals.FutureCancelToken.checkCanceled(FutureCancelToken.scala:29)
	at scala.meta.internal.pc.CompilerAccess.$anonfun$onCompilerJobQueue$1(CompilerAccess.scala:195)
	at scala.meta.internal.pc.CompilerJobQueue$Job.run(CompilerJobQueue.scala:103)
	at java.base/java.util.concurrent.ThreadPoolExecutor.runWorker(ThreadPoolExecutor.java:1128)
	at java.base/java.util.concurrent.ThreadPoolExecutor$Worker.run(ThreadPoolExecutor.java:628)
	at java.base/java.lang.Thread.run(Thread.java:829)
Jun 09, 2021 8:37:42 PM scala.meta.internal.pc.CompilerAccess retryWithCleanCompiler
INFO: compiler crashed due to an error in the Scala compiler, retrying with new compiler instance.
Jun 09, 2021 8:37:42 PM scala.meta.internal.pc.CompilerAccess handleError
SEVERE: no context found for source-file:///home/allen/repos/personal-flink/maven/frauddetection/src/main/scala/spendreport/FraudDetector.scala,line-15,offset=755
scala.reflect.internal.FatalError: no context found for source-file:///home/allen/repos/personal-flink/maven/frauddetection/src/main/scala/spendreport/FraudDetector.scala,line-15,offset=755
	at scala.tools.nsc.interactive.CompilerControl.$anonfun$doLocateContext$1(CompilerControl.scala:100)
	at scala.tools.nsc.interactive.CompilerControl.doLocateContext(CompilerControl.scala:100)
	at scala.tools.nsc.interactive.CompilerControl.doLocateContext$(CompilerControl.scala:99)
	at scala.tools.nsc.interactive.Global.doLocateContext(Global.scala:113)
	at scala.meta.internal.pc.PcDefinitionProvider.definitionTypedTreeAt(PcDefinitionProvider.scala:102)
	at scala.meta.internal.pc.PcDefinitionProvider.definition(PcDefinitionProvider.scala:24)

[0m2021.06.09 20:37:48 WARN  no build target for: /home/allen/repos/personal-flink/maven/frauddetection/src/main/scala/spendreport/FraudDetector.scala[0m
[0m2021.06.09 20:38:18 WARN  no build target for: /home/allen/repos/personal-flink/maven/frauddetection/src/main/scala/spendreport/FraudDetector.scala[0m
[0m2021.06.09 20:38:53 WARN  no build target for: /home/allen/repos/personal-flink/maven/frauddetection/src/main/scala/spendreport/FraudDetector.scala[0m
Jun 09, 2021 8:42:10 PM org.eclipse.lsp4j.jsonrpc.RemoteEndpoint handleCancellation
WARNING: Unmatched cancel notification for request id 185
[0m2021.06.09 20:42:29 WARN  no build target for: /home/allen/repos/personal-flink/maven/frauddetection/src/main/scala/spendreport/FraudDetectionJob.scala[0m
[0m2021.06.09 20:42:47 WARN  no build target for: /home/allen/repos/personal-flink/maven/frauddetection/src/main/scala/spendreport/FraudDetectionJob.scala[0m
Jun 09, 2021 8:42:48 PM org.eclipse.lsp4j.jsonrpc.RemoteEndpoint handleCancellation
WARNING: Unmatched cancel notification for request id 242
[0m2021.06.09 20:49:28 INFO  shutting down Metals[0m
